  ComponentInput.cpp
  ComponentInputCommand.cpp
  ComponentInputMotion.cpp
  ComponentInputNumKey.cpp
  ComponentInputPrintable.cpp
  ComponentInputDevice.cpp
  ComponentInputKeyboard.cpp
  ComponentInputMouse.cpp
  Component.cpp
  ComponentFactory.cpp
ComponentFactory.cpp(141): error C2664: 'void CTextParameters::Init(CFont *,CGraphicsState *,CWorld *)': cannot convert argument 1 from 'Ptr<CFont>' to 'CFont *'
  ComponentFactory.cpp(141): note: No user-defined-conversion operator available that can perform this conversion, or the operator cannot be called
  ComponentPointers.cpp
  GraphicalTextEditor.cpp
  PlainGraphicalTextEditor.cpp
  Label.cpp
  TextField.cpp
  Toolbar.cpp
  Viewport.cpp
  Widget.cpp
  Window.cpp
  Container.cpp
  Compiling...
  ContainerCell.cpp
  FillContainer.cpp
  FixedContainer.cpp
  FlowContainer.cpp
  GridCell.cpp
  GridContainer.cpp
  Block.cpp
  BlockParameters.cpp
  Border.cpp
  BorderParameters.cpp
  Caret.cpp
  Drawable.cpp
  QuadParameters.cpp
  Text.cpp
  TextParameters.cpp
  SystemPointer.cpp
  Focus.cpp
  TextData.cpp
